0 info it worked if it ends with ok
1 verbose cli [ '/usr/local/bin/node', '/usr/local/bin/npm', 'install' ]
2 info using npm@3.10.8
3 info using node@v6.9.1
4 silly loadCurrentTree Starting
5 silly install loadCurrentTree
6 silly install readLocalPackageData
7 silly install normalizeTree
8 silly loadCurrentTree Finishing
9 silly loadIdealTree Starting
10 silly install loadIdealTree
11 silly cloneCurrentTree Starting
12 silly install cloneCurrentTreeToIdealTree
13 silly cloneCurrentTree Finishing
14 silly loadShrinkwrap Starting
15 silly install loadShrinkwrap
16 silly loadShrinkwrap Finishing
17 silly loadAllDepsIntoIdealTree Starting
18 silly install loadAllDepsIntoIdealTree
19 silly fetchNamedPackageData zipper
20 silly mapToRegistry name zipper
21 silly mapToRegistry using default registry
22 silly mapToRegistry registry https://registry.npmjs.org/
23 silly mapToRegistry data Result {
23 silly mapToRegistry   raw: 'zipper',
23 silly mapToRegistry   scope: null,
23 silly mapToRegistry   escapedName: 'zipper',
23 silly mapToRegistry   name: 'zipper',
23 silly mapToRegistry   rawSpec: '',
23 silly mapToRegistry   spec: 'latest',
23 silly mapToRegistry   type: 'tag' }
24 silly mapToRegistry uri https://registry.npmjs.org/zipper
25 verbose request uri https://registry.npmjs.org/zipper
26 verbose request no auth needed
27 info attempt registry request try #1 at 10:50:02
28 verbose request id 590615e3b822e783
29 verbose etag W/"51879584-2e27"
30 verbose lastModified Mon, 06 May 2013 11:35:32 GMT
31 http request GET https://registry.npmjs.org/zipper
32 http 304 https://registry.npmjs.org/zipper
33 verbose headers { date: 'Tue, 22 Nov 2016 12:50:03 GMT',
33 verbose headers   via: '1.1 varnish',
33 verbose headers   'cache-control': 'max-age=300',
33 verbose headers   etag: 'W/"51879584-2e27"',
33 verbose headers   age: '0',
33 verbose headers   connection: 'keep-alive',
33 verbose headers   'x-served-by': 'cache-ord1733-ORD',
33 verbose headers   'x-cache': 'HIT',
33 verbose headers   'x-cache-hits': '1',
33 verbose headers   'x-timer': 'S1479819003.138809,VS0,VE19',
33 verbose headers   vary: 'Accept-Encoding' }
34 silly get cb [ 304,
34 silly get   { date: 'Tue, 22 Nov 2016 12:50:03 GMT',
34 silly get     via: '1.1 varnish',
34 silly get     'cache-control': 'max-age=300',
34 silly get     etag: 'W/"51879584-2e27"',
34 silly get     age: '0',
34 silly get     connection: 'keep-alive',
34 silly get     'x-served-by': 'cache-ord1733-ORD',
34 silly get     'x-cache': 'HIT',
34 silly get     'x-cache-hits': '1',
34 silly get     'x-timer': 'S1479819003.138809,VS0,VE19',
34 silly get     vary: 'Accept-Encoding' } ]
35 verbose etag https://registry.npmjs.org/zipper from cache
36 verbose get saving zipper to /Users/leandro/.npm/registry.npmjs.org/zipper/.cache.json
37 verbose correctMkdir /Users/leandro/.npm correctMkdir not in flight; initializing
38 silly resolveWithNewModule zipper@0.3.0 checking installable status
39 silly cache add args [ 'zipper@*', null ]
40 verbose cache add spec zipper@*
41 silly cache add parsed spec Result {
41 silly cache add   raw: 'zipper@*',
41 silly cache add   scope: null,
41 silly cache add   escapedName: 'zipper',
41 silly cache add   name: 'zipper',
41 silly cache add   rawSpec: '*',
41 silly cache add   spec: '*',
41 silly cache add   type: 'range' }
42 silly addNamed zipper@*
43 verbose addNamed "*" is a valid semver range for zipper
44 silly addNameRange { name: 'zipper', range: '*', hasData: false }
45 silly mapToRegistry name zipper
46 silly mapToRegistry using default registry
47 silly mapToRegistry registry https://registry.npmjs.org/
48 silly mapToRegistry data Result {
48 silly mapToRegistry   raw: 'zipper',
48 silly mapToRegistry   scope: null,
48 silly mapToRegistry   escapedName: 'zipper',
48 silly mapToRegistry   name: 'zipper',
48 silly mapToRegistry   rawSpec: '',
48 silly mapToRegistry   spec: 'latest',
48 silly mapToRegistry   type: 'tag' }
49 silly mapToRegistry uri https://registry.npmjs.org/zipper
50 verbose addNameRange registry:https://registry.npmjs.org/zipper not in flight; fetching
51 verbose get https://registry.npmjs.org/zipper not expired, no request
52 silly addNameRange number 2 { name: 'zipper', range: '*', hasData: true }
53 silly addNameRange versions [ 'zipper',
53 silly addNameRange   [ '0.0.1', '0.0.2', '0.1.0', '0.1.1', '0.1.2', '0.2.0', '0.3.0' ] ]
54 silly addNamed zipper@0.3.0
55 verbose addNamed "0.3.0" is a plain semver version for zipper
56 silly cache afterAdd zipper@0.3.0
57 verbose afterAdd /Users/leandro/.npm/zipper/0.3.0/package/package.json not in flight; writing
58 verbose correctMkdir /Users/leandro/.npm correctMkdir not in flight; initializing
59 verbose afterAdd /Users/leandro/.npm/zipper/0.3.0/package/package.json written
60 silly loadAllDepsIntoIdealTree Finishing
61 silly loadIdealTree Finishing
62 silly currentTree AppSeeds@1.0.0
63 silly idealTree AppSeeds@1.0.0
63 silly idealTree └── zipper@0.3.0
64 silly generateActionsToTake Starting
65 silly install generateActionsToTake
66 silly generateActionsToTake Finishing
67 silly diffTrees action count 1
68 silly diffTrees add zipper@0.3.0
69 silly decomposeActions action count 8
70 silly decomposeActions fetch zipper@0.3.0
71 silly decomposeActions extract zipper@0.3.0
72 silly decomposeActions test zipper@0.3.0
73 silly decomposeActions preinstall zipper@0.3.0
74 silly decomposeActions build zipper@0.3.0
75 silly decomposeActions install zipper@0.3.0
76 silly decomposeActions postinstall zipper@0.3.0
77 silly decomposeActions finalize zipper@0.3.0
78 silly runTopLevelLifecycles Starting
79 silly install runPreinstallTopLevelLifecycles
80 silly preinstall AppSeeds@1.0.0 /Users/leandro/Desktop/nodejs/AppSeeds-37b98a5c
81 info lifecycle AppSeeds@1.0.0~preinstall: AppSeeds@1.0.0
82 silly lifecycle AppSeeds@1.0.0~preinstall: no script for preinstall, continuing
83 silly executeActions Starting
84 silly install executeActions
85 silly doSerial global-install 0
86 silly doParallel fetch 1
87 verbose correctMkdir /Users/leandro/.npm/_locks correctMkdir not in flight; initializing
88 verbose lock using /Users/leandro/.npm/_locks/staging-80cd305936b4d7d5.lock for /Users/leandro/Desktop/nodejs/node_modules/.staging
89 silly doParallel extract 1
90 silly extract zipper@0.3.0
91 verbose unbuild node_modules/.staging/zipper-8c4ffbc8
92 silly gentlyRm /Users/leandro/Desktop/nodejs/node_modules/.staging/zipper-8c4ffbc8 is being purged from base /Users/leandro/Desktop/nodejs
93 verbose gentlyRm don't care about contents; nuking /Users/leandro/Desktop/nodejs/node_modules/.staging/zipper-8c4ffbc8
94 verbose tar unpack /Users/leandro/.npm/zipper/0.3.0/package.tgz
95 verbose tar unpacking to /Users/leandro/Desktop/nodejs/node_modules/.staging/zipper-8c4ffbc8
96 silly gentlyRm /Users/leandro/Desktop/nodejs/node_modules/.staging/zipper-8c4ffbc8 is being purged
97 verbose gentlyRm don't care about contents; nuking /Users/leandro/Desktop/nodejs/node_modules/.staging/zipper-8c4ffbc8
98 silly gunzTarPerm modes [ '755', '644' ]
99 silly gunzTarPerm extractEntry package.json
100 silly gunzTarPerm extractEntry .npmignore
101 silly gunzTarPerm extractEntry README.md
102 silly gunzTarPerm extractEntry binding.gyp
103 silly gunzTarPerm extractEntry LICENSE.txt
104 silly gunzTarPerm extractEntry Makefile
105 silly gunzTarPerm extractEntry .jshintrc
106 silly gunzTarPerm extractEntry .travis.yml
107 silly gunzTarPerm extractEntry deps/build-libzip.sh
108 silly gunzTarPerm extractEntry deps/libzip-0.10.tar.bz2
109 silly gunzTarPerm extractEntry examples/test.js
110 silly gunzTarPerm extractEntry lib/index.js
111 silly gunzTarPerm extractEntry lib/zipper.js
112 silly gunzTarPerm extractEntry Gruntfile.coffee
113 silly gunzTarPerm extractEntry src/_zipper.cc
114 silly gunzTarPerm extractEntry src/zipper.cpp
115 silly gunzTarPerm extractEntry src/zipper.hpp
116 silly gunzTarPerm extractEntry test/addfile_test.coffee
117 silly gunzTarPerm extractEntry test/common.coffee
118 silly gunzTarPerm extractEntry test/sample-files/test.txt
119 silly gentlyRm /Users/leandro/Desktop/nodejs/node_modules/.staging/zipper-8c4ffbc8/node_modules is being purged
120 verbose gentlyRm don't care about contents; nuking /Users/leandro/Desktop/nodejs/node_modules/.staging/zipper-8c4ffbc8/node_modules
121 silly doParallel preinstall 1
122 silly preinstall zipper@0.3.0 /Users/leandro/Desktop/nodejs/node_modules/.staging/zipper-8c4ffbc8
123 info lifecycle zipper@0.3.0~preinstall: zipper@0.3.0
124 silly lifecycle zipper@0.3.0~preinstall: no script for preinstall, continuing
125 silly doReverseSerial remove 0
126 silly doSerial move 0
127 silly doSerial finalize 1
128 silly finalize /Users/leandro/Desktop/nodejs/node_modules/zipper
129 silly doSerial build 1
130 silly build zipper@0.3.0
131 info linkStuff zipper@0.3.0
132 silly linkStuff zipper@0.3.0 has /Users/leandro/Desktop/nodejs/node_modules as its parent node_modules
133 verbose linkBins zipper@0.3.0
134 verbose linkMans zipper@0.3.0
135 silly doSerial global-link 0
136 silly doParallel update-linked 0
137 silly doSerial install 1
138 silly install zipper@0.3.0 /Users/leandro/Desktop/nodejs/node_modules/.staging/zipper-8c4ffbc8
139 info lifecycle zipper@0.3.0~install: zipper@0.3.0
140 verbose lifecycle zipper@0.3.0~install: unsafe-perm in lifecycle true
141 verbose lifecycle zipper@0.3.0~install: PATH: /usr/local/lib/node_modules/npm/bin/node-gyp-bin:/Users/leandro/Desktop/nodejs/node_modules/zipper/node_modules/.bin:/Users/leandro/Desktop/nodejs/node_modules/.bin:/usr/local/bin:/usr/bin:/bin:/usr/sbin:/sbin
142 verbose lifecycle zipper@0.3.0~install: CWD: /Users/leandro/Desktop/nodejs/node_modules/zipper
143 silly lifecycle zipper@0.3.0~install: Args: [ '-c', 'make all' ]
144 silly lifecycle zipper@0.3.0~install: Returned: code: 2  signal: null
145 info lifecycle zipper@0.3.0~install: Failed to exec install script
146 verbose unlock done using /Users/leandro/.npm/_locks/staging-80cd305936b4d7d5.lock for /Users/leandro/Desktop/nodejs/node_modules/.staging
147 silly rollbackFailedOptional Starting
148 silly rollbackFailedOptional Finishing
149 silly runTopLevelLifecycles Finishing
150 silly install printInstalled
151 verbose stack Error: zipper@0.3.0 install: `make all`
151 verbose stack Exit status 2
151 verbose stack     at EventEmitter.<anonymous> (/usr/local/lib/node_modules/npm/lib/utils/lifecycle.js:255:16)
151 verbose stack     at emitTwo (events.js:106:13)
151 verbose stack     at EventEmitter.emit (events.js:191:7)
151 verbose stack     at ChildProcess.<anonymous> (/usr/local/lib/node_modules/npm/lib/utils/spawn.js:40:14)
151 verbose stack     at emitTwo (events.js:106:13)
151 verbose stack     at ChildProcess.emit (events.js:191:7)
151 verbose stack     at maybeClose (internal/child_process.js:877:16)
151 verbose stack     at Process.ChildProcess._handle.onexit (internal/child_process.js:226:5)
152 verbose pkgid zipper@0.3.0
153 verbose cwd /Users/leandro/Desktop/nodejs
154 error Darwin 16.1.0
155 error argv "/usr/local/bin/node" "/usr/local/bin/npm" "install"
156 error node v6.9.1
157 error npm  v3.10.8
158 error code ELIFECYCLE
159 error zipper@0.3.0 install: `make all`
159 error Exit status 2
160 error Failed at the zipper@0.3.0 install script 'make all'.
160 error Make sure you have the latest version of node.js and npm installed.
160 error If you do, this is most likely a problem with the zipper package,
160 error not with npm itself.
160 error Tell the author that this fails on your system:
160 error     make all
160 error You can get information on how to open an issue for this project with:
160 error     npm bugs zipper
160 error Or if that isn't available, you can get their info via:
160 error     npm owner ls zipper
160 error There is likely additional logging output above.
161 verbose exit [ 1, true ]
